Arguments: 
  C:\Program Files\nodejs\node.exe D:\file\yarn\bin\yarn.js add github-webhock-handler -S

PATH: 
  C:\Program Files (x86)\Intel\Intel(R) Management Engine Components\iCLS\;C:\Program Files\Intel\Intel(R) Management Engine Components\iCLS\;C:\WINDOWS\system32;C:\WINDOWS;C:\WINDOWS\System32\Wbem;C:\WINDOWS\System32\WindowsPowerShell\v1.0\;C:\WINDOWS\System32\OpenSSH\;C:\Program Files (x86)\Intel\Intel(R) Management Engine Components\DAL;C:\Program Files\Intel\Intel(R) Management Engine Components\DAL;D:\Go\bin;D:\file\Git\cmd;C:\Program Files\nodejs\;D:\file\yarn\bin\;D:\download\adb1.0.32\adb;;C:\Android;C:\Windows\System32;C:\Program Files\Redis\;C:\Users\mengfan\.windows-build-tools\python27\;C:\Users\mengfan\AppData\Local\Microsoft\WindowsApps;D:\file\Microsoft VS Code\bin;C:\Users\mengfan\AppData\Roaming\npm;C:\Users\mengfan\AppData\Local\Yarn\bin;C:\Users\mengfan\AppData\Local\BypassRuntm;%USERPROFILE%\AppData\Local\Microsoft\WindowsApps;

Yarn version: 
  1.17.3

Node version: 
  10.16.2

Platform: 
  win32 x64

Trace: 
  Error: https://registry.yarnpkg.com/github-webhock-handler: Not found
      at Request.params.callback [as _callback] (D:\file\yarn\lib\cli.js:65939:18)
      at Request.self.callback (D:\file\yarn\lib\cli.js:140464:22)
      at Request.emit (events.js:198:13)
      at Request.<anonymous> (D:\file\yarn\lib\cli.js:141436:10)
      at Request.emit (events.js:198:13)
      at IncomingMessage.<anonymous> (D:\file\yarn\lib\cli.js:141358:12)
      at Object.onceWrapper (events.js:286:20)
      at IncomingMessage.emit (events.js:203:15)
      at endReadableNT (_stream_readable.js:1145:12)
      at process._tickCallback (internal/process/next_tick.js:63:19)

npm manifest: 
  {
    "name": "react-admin-node",
    "version": "1.0.0",
    "description": "",
    "main": "index.js",
    "scripts": {
      "start": "node app.js"
    },
    "author": "",
    "license": "ISC",
    "dependencies": {
    }
  }

yarn manifest: 
  No manifest

Lockfile: 
  No lockfile
